<?xml version="1.0" encoding="UTF-8"?>
<testsuite name="nsu.fit.qyoga.cases.core.questionnaires.internal.QuestionnairesServiceTests" tests="6" skipped="0" failures="0" errors="0" timestamp="2023-03-07T02:20:03" hostname="DESKTOP-RCJMLOA" time="1.582">
  <properties/>
  <testcase name="QYoga can retrieve questionnaires page by page()" classname="nsu.fit.qyoga.cases.core.questionnaires.internal.QuestionnairesServiceTests" time="1.383"/>
  <testcase name="QYoga can retrieve count of questionnaires with title()" classname="nsu.fit.qyoga.cases.core.questionnaires.internal.QuestionnairesServiceTests" time="0.077"/>
  <testcase name="QYoga can retrieve count of questionnaires without title()" classname="nsu.fit.qyoga.cases.core.questionnaires.internal.QuestionnairesServiceTests" time="0.02"/>
  <testcase name="QYoga can retrieve questionnaires with different type of sort()" classname="nsu.fit.qyoga.cases.core.questionnaires.internal.QuestionnairesServiceTests" time="0.034"/>
  <testcase name="QYoga can retrieve questionnaires without title()" classname="nsu.fit.qyoga.cases.core.questionnaires.internal.QuestionnairesServiceTests" time="0.027"/>
  <testcase name="QYoga can retrieve questionnaires by title()" classname="nsu.fit.qyoga.cases.core.questionnaires.internal.QuestionnairesServiceTests" time="0.027"/>
  <system-out><![CDATA[
  .   ____          _            __ _ _
 /\\ / ___'_ __ _ _(_)_ __  __ _ \ \ \ \
( ( )\___ | '_ | '_| | '_ \/ _` | \ \ \ \
 \\/  ___)| |_)| | | | | || (_| |  ) ) ) )
  '  |____| .__|_| |_|_| |_\__, | / / / /
 =========|_|==============|___/=/_/_/_/
 :: Spring Boot ::                (v3.0.2)

2023-03-07 09:19:52.852 [Test worker] INFO  o.t.utility.ImageNameSubstitutor - Image name substitution will be performed by: DefaultImageNameSubstitutor (composite of 'ConfigurationFileImageNameSubstitutor' and 'PrefixingImageNameSubstitutor')
2023-03-07 09:19:52.957 [Test worker] INFO  o.t.d.DockerClientProviderStrategy - Loaded org.testcontainers.dockerclient.NpipeSocketClientProviderStrategy from ~/.testcontainers.properties, will try it first
2023-03-07 09:19:54.666 [Test worker] INFO  o.t.d.DockerClientProviderStrategy - Found Docker environment with local Npipe socket (npipe:////./pipe/docker_engine)
2023-03-07 09:19:54.669 [Test worker] INFO  o.testcontainers.DockerClientFactory - Docker host IP address is localhost
2023-03-07 09:19:54.705 [Test worker] INFO  o.testcontainers.DockerClientFactory - Connected to docker: 
  Server Version: 20.10.23
  API Version: 1.41
  Operating System: Docker Desktop
  Total Memory: 17546 MB
2023-03-07 09:19:54.756 [Test worker] INFO  docker[testcontainers/ryuk:0.3.4] - Creating container for image: testcontainers/ryuk:0.3.4
2023-03-07 09:19:55.005 [Test worker] INFO  o.t.utility.RegistryAuthLocator - Credential helper/store (docker-credential-desktop) does not have credentials for https://index.docker.io/v1/
2023-03-07 09:19:55.252 [Test worker] INFO  docker[testcontainers/ryuk:0.3.4] - Container testcontainers/ryuk:0.3.4 is starting: cdac40003e48f6a39bb9524dae9e9ade8b58b229aea4347c37471e06a950ab10
2023-03-07 09:19:56.132 [Test worker] INFO  docker[testcontainers/ryuk:0.3.4] - Container testcontainers/ryuk:0.3.4 started in PT1.4053336S
2023-03-07 09:19:56.143 [Test worker] INFO  o.t.utility.RyukResourceReaper - Ryuk started - will monitor and terminate Testcontainers containers on JVM exit
2023-03-07 09:19:56.143 [Test worker] INFO  o.testcontainers.DockerClientFactory - Checking the system...
2023-03-07 09:19:56.144 [Test worker] INFO  o.testcontainers.DockerClientFactory - ?? Docker server version should be at least 1.6.0
2023-03-07 09:19:56.145 [Test worker] INFO  docker[postgres:14.2] - Creating container for image: postgres:14.2
2023-03-07 09:19:56.148 [Test worker] WARN  docker[postgres:14.2] - Reuse was requested but the environment does not support the reuse of containers
To enable reuse of containers, you must set 'testcontainers.reuse.enable=true' in a file located at C:\Users\zerta\.testcontainers.properties
2023-03-07 09:19:56.212 [Test worker] INFO  docker[postgres:14.2] - Container postgres:14.2 is starting: 29412e0a119a0a19877f344956e943a46f7e38461aadc56b0d788791d06f6b5d
2023-03-07 09:19:57.789 [Test worker] INFO  docker[postgres:14.2] - Container postgres:14.2 started in PT1.6431492S
2023-03-07 09:19:57.803 [Test worker] INFO  org.testcontainers.ext.ScriptUtils - Executing database script from db/qyoga-db-init.sql
2023-03-07 09:19:58.323 [Test worker] INFO  org.testcontainers.ext.ScriptUtils - Executed database script from db/qyoga-db-init.sql in 519 ms.
2023-03-07 09:19:58.330 [Test worker] INFO  n.f.q.c.c.q.i.QuestionnairesServiceTests - Starting QuestionnairesServiceTests using Java 17.0.3 with PID 3296 (started by zerta in C:\Users\zerta\IdeaProjects\QYoga)
2023-03-07 09:19:58.331 [Test worker] INFO  n.f.q.c.c.q.i.QuestionnairesServiceTests - The following 1 profile is active: "test"
2023-03-07 09:19:59.743 [Test worker] INFO  o.s.d.r.c.RepositoryConfigurationDelegate - Bootstrapping Spring Data JDBC repositories in DEFAULT mode.
2023-03-07 09:19:59.839 [Test worker] INFO  o.s.d.r.c.RepositoryConfigurationDelegate - Finished Spring Data repository scanning in 84 ms. Found 1 JDBC repository interfaces.
2023-03-07 09:20:00.949 [Test worker] INFO  o.f.c.i.license.VersionPrinter - Flyway Community Edition 9.5.1 by Redgate
2023-03-07 09:20:00.949 [Test worker] INFO  o.f.c.i.license.VersionPrinter - See what's new here: https://flywaydb.org/documentation/learnmore/releaseNotes#9.5.1
2023-03-07 09:20:00.949 [Test worker] INFO  o.f.c.i.license.VersionPrinter - 
2023-03-07 09:20:00.974 [Test worker] INFO  com.zaxxer.hikari.HikariDataSource - HikariPool-1 - Starting...
2023-03-07 09:20:01.069 [Test worker] INFO  com.zaxxer.hikari.pool.HikariPool - HikariPool-1 - Added connection org.postgresql.jdbc.PgConnection@204fcb11
2023-03-07 09:20:01.073 [Test worker] INFO  com.zaxxer.hikari.HikariDataSource - HikariPool-1 - Start completed.
2023-03-07 09:20:01.118 [Test worker] INFO  o.f.c.i.d.base.BaseDatabaseType - Database: jdbc:postgresql://localhost:52418/qyoga (PostgreSQL 14.2)
2023-03-07 09:20:01.211 [Test worker] INFO  o.f.core.internal.command.DbValidate - Successfully validated 3 migrations (execution time 00:00.049s)
2023-03-07 09:20:01.246 [Test worker] INFO  o.f.c.i.s.JdbcTableSchemaHistory - Creating Schema History table "public"."flyway_schema_history" ...
2023-03-07 09:20:01.316 [Test worker] INFO  o.f.core.internal.command.DbMigrate - Current version of schema "public": << Empty Schema >>
2023-03-07 09:20:01.335 [Test worker] INFO  o.f.core.internal.command.DbMigrate - Migrating schema "public" to version "22101801 - users"
2023-03-07 09:20:01.402 [Test worker] INFO  o.f.core.internal.command.DbMigrate - Migrating schema "public" to version "23011901 - exercises"
2023-03-07 09:20:01.461 [Test worker] INFO  o.f.core.internal.command.DbMigrate - Migrating schema "public" to version "23012001 - questionnaires"
2023-03-07 09:20:01.495 [Test worker] INFO  o.f.core.internal.command.DbMigrate - Successfully applied 3 migrations to schema "public", now at version v23012001 (execution time 00:00.193s)
2023-03-07 09:20:03.012 [Test worker] INFO  n.f.q.c.c.q.i.QuestionnairesServiceTests - Started QuestionnairesServiceTests in 11.278 seconds (process running for 24.037)
]]></system-out>
  <system-err><![CDATA[[2023.03.07 09:19:51] (Coverage): Error during class instrumentation: org.springframework.boot.logging.log4j2.Log4J2LoggingSystem: java.lang.RuntimeException: java.io.IOException: Class org/apache/logging/log4j/core/config/composite/CompositeConfiguration not found
]]></system-err>
</testsuite>
