<?xml version="1.0" encoding="UTF-8"?>
<testsuite name="nsu.fit.qyoga.cases.core.questionnaires.internal.QuestionnairesServiceTests" tests="6" skipped="0" failures="0" errors="0" timestamp="2023-03-07T13:02:40" hostname="DESKTOP-RCJMLOA" time="1.958">
  <properties/>
  <testcase name="QYoga can retrieve questionnaires page by page()" classname="nsu.fit.qyoga.cases.core.questionnaires.internal.QuestionnairesServiceTests" time="1.688"/>
  <testcase name="QYoga can retrieve count of questionnaires with title()" classname="nsu.fit.qyoga.cases.core.questionnaires.internal.QuestionnairesServiceTests" time="0.092"/>
  <testcase name="QYoga can retrieve count of questionnaires without title()" classname="nsu.fit.qyoga.cases.core.questionnaires.internal.QuestionnairesServiceTests" time="0.027"/>
  <testcase name="QYoga can retrieve questionnaires with different type of sort()" classname="nsu.fit.qyoga.cases.core.questionnaires.internal.QuestionnairesServiceTests" time="0.049"/>
  <testcase name="QYoga can retrieve questionnaires without title()" classname="nsu.fit.qyoga.cases.core.questionnaires.internal.QuestionnairesServiceTests" time="0.039"/>
  <testcase name="QYoga can retrieve questionnaires by title()" classname="nsu.fit.qyoga.cases.core.questionnaires.internal.QuestionnairesServiceTests" time="0.043"/>
  <system-out><![CDATA[
  .   ____          _            __ _ _
 /\\ / ___'_ __ _ _(_)_ __  __ _ \ \ \ \
( ( )\___ | '_ | '_| | '_ \/ _` | \ \ \ \
 \\/  ___)| |_)| | | | | || (_| |  ) ) ) )
  '  |____| .__|_| |_|_| |_\__, | / / / /
 =========|_|==============|___/=/_/_/_/
 :: Spring Boot ::                (v3.0.2)

2023-03-07 20:02:28.170 [Test worker] INFO  o.t.utility.ImageNameSubstitutor - Image name substitution will be performed by: DefaultImageNameSubstitutor (composite of 'ConfigurationFileImageNameSubstitutor' and 'PrefixingImageNameSubstitutor')
2023-03-07 20:02:28.288 [Test worker] INFO  o.t.d.DockerClientProviderStrategy - Loaded org.testcontainers.dockerclient.NpipeSocketClientProviderStrategy from ~/.testcontainers.properties, will try it first
2023-03-07 20:02:29.986 [Test worker] INFO  o.t.d.DockerClientProviderStrategy - Found Docker environment with local Npipe socket (npipe:////./pipe/docker_engine)
2023-03-07 20:02:29.989 [Test worker] INFO  o.testcontainers.DockerClientFactory - Docker host IP address is localhost
2023-03-07 20:02:30.031 [Test worker] INFO  o.testcontainers.DockerClientFactory - Connected to docker: 
  Server Version: 20.10.23
  API Version: 1.41
  Operating System: Docker Desktop
  Total Memory: 17546 MB
2023-03-07 20:02:30.101 [Test worker] INFO  docker[testcontainers/ryuk:0.3.4] - Creating container for image: testcontainers/ryuk:0.3.4
2023-03-07 20:02:30.406 [Test worker] INFO  o.t.utility.RegistryAuthLocator - Credential helper/store (docker-credential-desktop) does not have credentials for https://index.docker.io/v1/
2023-03-07 20:02:30.977 [Test worker] INFO  docker[testcontainers/ryuk:0.3.4] - Container testcontainers/ryuk:0.3.4 is starting: 6550dd690ed313cd8d9d2a2c200d4682f1ad7d14129e0aa9142ae3b4b0747bc0
2023-03-07 20:02:31.886 [Test worker] INFO  docker[testcontainers/ryuk:0.3.4] - Container testcontainers/ryuk:0.3.4 started in PT1.8274161S
2023-03-07 20:02:31.896 [Test worker] INFO  o.t.utility.RyukResourceReaper - Ryuk started - will monitor and terminate Testcontainers containers on JVM exit
2023-03-07 20:02:31.897 [Test worker] INFO  o.testcontainers.DockerClientFactory - Checking the system...
2023-03-07 20:02:31.898 [Test worker] INFO  o.testcontainers.DockerClientFactory - ?? Docker server version should be at least 1.6.0
2023-03-07 20:02:31.899 [Test worker] INFO  docker[postgres:14.2] - Creating container for image: postgres:14.2
2023-03-07 20:02:31.902 [Test worker] WARN  docker[postgres:14.2] - Reuse was requested but the environment does not support the reuse of containers
To enable reuse of containers, you must set 'testcontainers.reuse.enable=true' in a file located at C:\Users\zerta\.testcontainers.properties
2023-03-07 20:02:31.976 [Test worker] INFO  docker[postgres:14.2] - Container postgres:14.2 is starting: 8fa8b2b07927202cf31e2f61e6a69fc7098d6fcde37ea9f4572193996b264aa0
2023-03-07 20:02:33.561 [Test worker] INFO  docker[postgres:14.2] - Container postgres:14.2 started in PT1.6617136S
2023-03-07 20:02:33.579 [Test worker] INFO  org.testcontainers.ext.ScriptUtils - Executing database script from db/qyoga-db-init.sql
2023-03-07 20:02:34.216 [Test worker] INFO  org.testcontainers.ext.ScriptUtils - Executed database script from db/qyoga-db-init.sql in 637 ms.
2023-03-07 20:02:34.224 [Test worker] INFO  n.f.q.c.c.q.i.QuestionnairesServiceTests - Starting QuestionnairesServiceTests using Java 17.0.3 with PID 17844 (started by zerta in C:\Users\zerta\IdeaProjects\QYoga)
2023-03-07 20:02:34.226 [Test worker] INFO  n.f.q.c.c.q.i.QuestionnairesServiceTests - The following 1 profile is active: "test"
2023-03-07 20:02:36.209 [Test worker] INFO  o.s.d.r.c.RepositoryConfigurationDelegate - Bootstrapping Spring Data JDBC repositories in DEFAULT mode.
2023-03-07 20:02:36.344 [Test worker] INFO  o.s.d.r.c.RepositoryConfigurationDelegate - Finished Spring Data repository scanning in 120 ms. Found 1 JDBC repository interfaces.
2023-03-07 20:02:37.871 [Test worker] INFO  o.f.c.i.license.VersionPrinter - Flyway Community Edition 9.5.1 by Redgate
2023-03-07 20:02:37.872 [Test worker] INFO  o.f.c.i.license.VersionPrinter - See what's new here: https://flywaydb.org/documentation/learnmore/releaseNotes#9.5.1
2023-03-07 20:02:37.872 [Test worker] INFO  o.f.c.i.license.VersionPrinter - 
2023-03-07 20:02:37.902 [Test worker] INFO  com.zaxxer.hikari.HikariDataSource - HikariPool-1 - Starting...
2023-03-07 20:02:38.068 [Test worker] INFO  com.zaxxer.hikari.pool.HikariPool - HikariPool-1 - Added connection org.postgresql.jdbc.PgConnection@6d7d1b4e
2023-03-07 20:02:38.074 [Test worker] INFO  com.zaxxer.hikari.HikariDataSource - HikariPool-1 - Start completed.
2023-03-07 20:02:38.137 [Test worker] INFO  o.f.c.i.d.base.BaseDatabaseType - Database: jdbc:postgresql://localhost:60254/qyoga (PostgreSQL 14.2)
2023-03-07 20:02:38.268 [Test worker] INFO  o.f.core.internal.command.DbValidate - Successfully validated 2 migrations (execution time 00:00.063s)
2023-03-07 20:02:38.316 [Test worker] INFO  o.f.c.i.s.JdbcTableSchemaHistory - Creating Schema History table "public"."flyway_schema_history" ...
2023-03-07 20:02:38.417 [Test worker] INFO  o.f.core.internal.command.DbMigrate - Current version of schema "public": << Empty Schema >>
2023-03-07 20:02:38.437 [Test worker] INFO  o.f.core.internal.command.DbMigrate - Migrating schema "public" to version "22101801 - users"
2023-03-07 20:02:38.506 [Test worker] INFO  o.f.core.internal.command.DbMigrate - Migrating schema "public" to version "23012001 - questionnaires"
2023-03-07 20:02:38.544 [Test worker] INFO  o.f.core.internal.command.DbMigrate - Successfully applied 2 migrations to schema "public", now at version v23012001 (execution time 00:00.155s)
2023-03-07 20:02:40.240 [Test worker] INFO  n.f.q.c.c.q.i.QuestionnairesServiceTests - Started QuestionnairesServiceTests in 13.324 seconds (process running for 27.992)
]]></system-out>
  <system-err><![CDATA[[2023.03.07 20:02:26] (Coverage): Error during class instrumentation: org.springframework.boot.logging.log4j2.Log4J2LoggingSystem: java.lang.RuntimeException: java.io.IOException: Class org/apache/logging/log4j/core/config/composite/CompositeConfiguration not found
]]></system-err>
</testsuite>
