<?xml version="1.0" encoding="UTF-8"?>
<testsuite name="nsu.fit.qyoga.cases.core.questionnaires.internal.QuestionnairesServiceTests" tests="6" skipped="0" failures="0" errors="0" timestamp="2023-03-06T14:30:38" hostname="DESKTOP-RCJMLOA" time="1.545">
  <properties/>
  <testcase name="QYoga can retrieve questionnaires page by page()" classname="nsu.fit.qyoga.cases.core.questionnaires.internal.QuestionnairesServiceTests" time="1.332"/>
  <testcase name="QYoga can retrieve count of questionnaires with title()" classname="nsu.fit.qyoga.cases.core.questionnaires.internal.QuestionnairesServiceTests" time="0.065"/>
  <testcase name="QYoga can retrieve count of questionnaires without title()" classname="nsu.fit.qyoga.cases.core.questionnaires.internal.QuestionnairesServiceTests" time="0.029"/>
  <testcase name="QYoga can retrieve questionnaires with different type of sort()" classname="nsu.fit.qyoga.cases.core.questionnaires.internal.QuestionnairesServiceTests" time="0.035"/>
  <testcase name="QYoga can retrieve questionnaires without title()" classname="nsu.fit.qyoga.cases.core.questionnaires.internal.QuestionnairesServiceTests" time="0.021"/>
  <testcase name="QYoga can retrieve questionnaires by title()" classname="nsu.fit.qyoga.cases.core.questionnaires.internal.QuestionnairesServiceTests" time="0.049"/>
  <system-out><![CDATA[
  .   ____          _            __ _ _
 /\\ / ___'_ __ _ _(_)_ __  __ _ \ \ \ \
( ( )\___ | '_ | '_| | '_ \/ _` | \ \ \ \
 \\/  ___)| |_)| | | | | || (_| |  ) ) ) )
  '  |____| .__|_| |_|_| |_\__, | / / / /
 =========|_|==============|___/=/_/_/_/
 :: Spring Boot ::                (v3.0.2)

2023-03-06 21:30:29.420 [Test worker] INFO  o.t.utility.ImageNameSubstitutor - Image name substitution will be performed by: DefaultImageNameSubstitutor (composite of 'ConfigurationFileImageNameSubstitutor' and 'PrefixingImageNameSubstitutor')
2023-03-06 21:30:29.503 [Test worker] INFO  o.t.d.DockerClientProviderStrategy - Loaded org.testcontainers.dockerclient.NpipeSocketClientProviderStrategy from ~/.testcontainers.properties, will try it first
2023-03-06 21:30:31.104 [Test worker] INFO  o.t.d.DockerClientProviderStrategy - Found Docker environment with local Npipe socket (npipe:////./pipe/docker_engine)
2023-03-06 21:30:31.107 [Test worker] INFO  o.testcontainers.DockerClientFactory - Docker host IP address is localhost
2023-03-06 21:30:31.140 [Test worker] INFO  o.testcontainers.DockerClientFactory - Connected to docker: 
  Server Version: 20.10.23
  API Version: 1.41
  Operating System: Docker Desktop
  Total Memory: 17546 MB
2023-03-06 21:30:31.188 [Test worker] INFO  docker[testcontainers/ryuk:0.3.4] - Creating container for image: testcontainers/ryuk:0.3.4
2023-03-06 21:30:31.470 [Test worker] INFO  o.t.utility.RegistryAuthLocator - Credential helper/store (docker-credential-desktop) does not have credentials for https://index.docker.io/v1/
2023-03-06 21:30:31.707 [Test worker] INFO  docker[testcontainers/ryuk:0.3.4] - Container testcontainers/ryuk:0.3.4 is starting: a1770a18f5cdd36cbbb636bb7bd22ce885339b92ab0b80019e23f1f955efa4a0
2023-03-06 21:30:32.467 [Test worker] INFO  docker[testcontainers/ryuk:0.3.4] - Container testcontainers/ryuk:0.3.4 started in PT1.3084229S
2023-03-06 21:30:32.475 [Test worker] INFO  o.t.utility.RyukResourceReaper - Ryuk started - will monitor and terminate Testcontainers containers on JVM exit
2023-03-06 21:30:32.476 [Test worker] INFO  o.testcontainers.DockerClientFactory - Checking the system...
2023-03-06 21:30:32.478 [Test worker] INFO  o.testcontainers.DockerClientFactory - ?? Docker server version should be at least 1.6.0
2023-03-06 21:30:32.479 [Test worker] INFO  docker[postgres:14.2] - Creating container for image: postgres:14.2
2023-03-06 21:30:32.480 [Test worker] WARN  docker[postgres:14.2] - Reuse was requested but the environment does not support the reuse of containers
To enable reuse of containers, you must set 'testcontainers.reuse.enable=true' in a file located at C:\Users\zerta\.testcontainers.properties
2023-03-06 21:30:32.544 [Test worker] INFO  docker[postgres:14.2] - Container postgres:14.2 is starting: a983f535dcfc9bd4a44bd29feb14e8178257271c973658aea85bcd7ab14a10f2
2023-03-06 21:30:33.998 [Test worker] INFO  docker[postgres:14.2] - Container postgres:14.2 started in PT1.5193186S
2023-03-06 21:30:34.016 [Test worker] INFO  org.testcontainers.ext.ScriptUtils - Executing database script from db/qyoga-db-init.sql
2023-03-06 21:30:34.570 [Test worker] INFO  org.testcontainers.ext.ScriptUtils - Executed database script from db/qyoga-db-init.sql in 553 ms.
2023-03-06 21:30:34.578 [Test worker] INFO  n.f.q.c.c.q.i.QuestionnairesServiceTests - Starting QuestionnairesServiceTests using Java 17.0.3 with PID 13316 (started by zerta in C:\Users\zerta\IdeaProjects\QYoga)
2023-03-06 21:30:34.579 [Test worker] INFO  n.f.q.c.c.q.i.QuestionnairesServiceTests - The following 1 profile is active: "test"
2023-03-06 21:30:35.966 [Test worker] INFO  o.s.d.r.c.RepositoryConfigurationDelegate - Bootstrapping Spring Data JDBC repositories in DEFAULT mode.
2023-03-06 21:30:36.047 [Test worker] INFO  o.s.d.r.c.RepositoryConfigurationDelegate - Finished Spring Data repository scanning in 71 ms. Found 1 JDBC repository interfaces.
2023-03-06 21:30:37.113 [Test worker] INFO  o.f.c.i.license.VersionPrinter - Flyway Community Edition 9.5.1 by Redgate
2023-03-06 21:30:37.113 [Test worker] INFO  o.f.c.i.license.VersionPrinter - See what's new here: https://flywaydb.org/documentation/learnmore/releaseNotes#9.5.1
2023-03-06 21:30:37.114 [Test worker] INFO  o.f.c.i.license.VersionPrinter - 
2023-03-06 21:30:37.142 [Test worker] INFO  com.zaxxer.hikari.HikariDataSource - HikariPool-1 - Starting...
2023-03-06 21:30:37.241 [Test worker] INFO  com.zaxxer.hikari.pool.HikariPool - HikariPool-1 - Added connection org.postgresql.jdbc.PgConnection@11bd2433
2023-03-06 21:30:37.247 [Test worker] INFO  com.zaxxer.hikari.HikariDataSource - HikariPool-1 - Start completed.
2023-03-06 21:30:37.287 [Test worker] INFO  o.f.c.i.d.base.BaseDatabaseType - Database: jdbc:postgresql://localhost:56097/qyoga (PostgreSQL 14.2)
2023-03-06 21:30:37.362 [Test worker] INFO  o.f.core.internal.command.DbValidate - Successfully validated 3 migrations (execution time 00:00.035s)
2023-03-06 21:30:37.391 [Test worker] INFO  o.f.c.i.s.JdbcTableSchemaHistory - Creating Schema History table "public"."flyway_schema_history" ...
2023-03-06 21:30:37.453 [Test worker] INFO  o.f.core.internal.command.DbMigrate - Current version of schema "public": << Empty Schema >>
2023-03-06 21:30:37.467 [Test worker] INFO  o.f.core.internal.command.DbMigrate - Migrating schema "public" to version "22101801 - users"
2023-03-06 21:30:37.527 [Test worker] INFO  o.f.core.internal.command.DbMigrate - Migrating schema "public" to version "23011901 - exercises"
2023-03-06 21:30:37.583 [Test worker] INFO  o.f.core.internal.command.DbMigrate - Migrating schema "public" to version "23012001 - questionnaires"
2023-03-06 21:30:37.611 [Test worker] INFO  o.f.core.internal.command.DbMigrate - Successfully applied 3 migrations to schema "public", now at version v23012001 (execution time 00:00.172s)
2023-03-06 21:30:38.893 [Test worker] INFO  n.f.q.c.c.q.i.QuestionnairesServiceTests - Started QuestionnairesServiceTests in 10.542 seconds (process running for 25.576)
]]></system-out>
  <system-err><![CDATA[[2023.03.06 21:30:28] (Coverage): Error during class instrumentation: org.springframework.boot.logging.log4j2.Log4J2LoggingSystem: java.lang.RuntimeException: java.io.IOException: Class org/apache/logging/log4j/core/config/composite/CompositeConfiguration not found
]]></system-err>
</testsuite>
