<?xml version="1.0" encoding="UTF-8"?>
<testsuite name="nsu.fit.qyoga.cases.core.questionnaires.internal.QuestionnairesServiceTests" tests="4" skipped="0" failures="0" errors="0" timestamp="2023-03-05T12:58:50" hostname="DESKTOP-RCJMLOA" time="1.992">
  <properties/>
  <testcase name="QYoga can retrieve questionnaires page by page()" classname="nsu.fit.qyoga.cases.core.questionnaires.internal.QuestionnairesServiceTests" time="1.766"/>
  <testcase name="QYoga can retrieve questionnaires with different type of sort()" classname="nsu.fit.qyoga.cases.core.questionnaires.internal.QuestionnairesServiceTests" time="0.052"/>
  <testcase name="QYoga can retrieve questionnaires without title()" classname="nsu.fit.qyoga.cases.core.questionnaires.internal.QuestionnairesServiceTests" time="0.039"/>
  <testcase name="QYoga can retrieve questionnaires by title()" classname="nsu.fit.qyoga.cases.core.questionnaires.internal.QuestionnairesServiceTests" time="0.122"/>
  <system-out><![CDATA[
  .   ____          _            __ _ _
 /\\ / ___'_ __ _ _(_)_ __  __ _ \ \ \ \
( ( )\___ | '_ | '_| | '_ \/ _` | \ \ \ \
 \\/  ___)| |_)| | | | | || (_| |  ) ) ) )
  '  |____| .__|_| |_|_| |_\__, | / / / /
 =========|_|==============|___/=/_/_/_/
 :: Spring Boot ::                (v3.0.2)

2023-03-05 19:58:37.062 [Test worker] INFO  o.t.utility.ImageNameSubstitutor - Image name substitution will be performed by: DefaultImageNameSubstitutor (composite of 'ConfigurationFileImageNameSubstitutor' and 'PrefixingImageNameSubstitutor')
2023-03-05 19:58:37.168 [Test worker] INFO  o.t.d.DockerClientProviderStrategy - Loaded org.testcontainers.dockerclient.NpipeSocketClientProviderStrategy from ~/.testcontainers.properties, will try it first
2023-03-05 19:58:39.019 [Test worker] INFO  o.t.d.DockerClientProviderStrategy - Found Docker environment with local Npipe socket (npipe:////./pipe/docker_engine)
2023-03-05 19:58:39.023 [Test worker] INFO  o.testcontainers.DockerClientFactory - Docker host IP address is localhost
2023-03-05 19:58:39.065 [Test worker] INFO  o.testcontainers.DockerClientFactory - Connected to docker: 
  Server Version: 20.10.23
  API Version: 1.41
  Operating System: Docker Desktop
  Total Memory: 17546 MB
2023-03-05 19:58:39.137 [Test worker] INFO  docker[testcontainers/ryuk:0.3.4] - Creating container for image: testcontainers/ryuk:0.3.4
2023-03-05 19:58:39.435 [Test worker] INFO  o.t.utility.RegistryAuthLocator - Credential helper/store (docker-credential-desktop) does not have credentials for https://index.docker.io/v1/
2023-03-05 19:58:39.715 [Test worker] INFO  docker[testcontainers/ryuk:0.3.4] - Container testcontainers/ryuk:0.3.4 is starting: 62cfd4cdda3ef60b8bdf01dab1ae8d488ac65114fad29f7d20f54865946dd1ea
2023-03-05 19:58:40.722 [Test worker] INFO  docker[testcontainers/ryuk:0.3.4] - Container testcontainers/ryuk:0.3.4 started in PT1.6265753S
2023-03-05 19:58:40.734 [Test worker] INFO  o.t.utility.RyukResourceReaper - Ryuk started - will monitor and terminate Testcontainers containers on JVM exit
2023-03-05 19:58:40.735 [Test worker] INFO  o.testcontainers.DockerClientFactory - Checking the system...
2023-03-05 19:58:40.737 [Test worker] INFO  o.testcontainers.DockerClientFactory - ?? Docker server version should be at least 1.6.0
2023-03-05 19:58:40.738 [Test worker] INFO  docker[postgres:14.2] - Creating container for image: postgres:14.2
2023-03-05 19:58:40.741 [Test worker] WARN  docker[postgres:14.2] - Reuse was requested but the environment does not support the reuse of containers
To enable reuse of containers, you must set 'testcontainers.reuse.enable=true' in a file located at C:\Users\zerta\.testcontainers.properties
2023-03-05 19:58:40.848 [Test worker] INFO  docker[postgres:14.2] - Container postgres:14.2 is starting: 45445a9702094bbba72ee96dac233a30cf291896568678139130ddd09ce8ba0a
2023-03-05 19:58:42.631 [Test worker] INFO  docker[postgres:14.2] - Container postgres:14.2 started in PT1.8937058S
2023-03-05 19:58:42.640 [Test worker] INFO  n.f.q.c.c.q.i.QuestionnairesServiceTests - Starting QuestionnairesServiceTests using Java 17.0.3 with PID 1580 (started by zerta in C:\Users\zerta\IdeaProjects\QYoga)
2023-03-05 19:58:42.642 [Test worker] INFO  n.f.q.c.c.q.i.QuestionnairesServiceTests - The following 1 profile is active: "test"
2023-03-05 19:58:44.074 [Test worker] INFO  o.s.d.r.c.RepositoryConfigurationDelegate - Bootstrapping Spring Data JDBC repositories in DEFAULT mode.
2023-03-05 19:58:44.165 [Test worker] INFO  o.s.d.r.c.RepositoryConfigurationDelegate - Finished Spring Data repository scanning in 80 ms. Found 1 JDBC repository interfaces.
2023-03-05 19:58:45.439 [Test worker] INFO  o.f.c.i.license.VersionPrinter - Flyway Community Edition 9.5.1 by Redgate
2023-03-05 19:58:45.439 [Test worker] INFO  o.f.c.i.license.VersionPrinter - See what's new here: https://flywaydb.org/documentation/learnmore/releaseNotes#9.5.1
2023-03-05 19:58:45.440 [Test worker] INFO  o.f.c.i.license.VersionPrinter - 
2023-03-05 19:58:45.466 [Test worker] INFO  com.zaxxer.hikari.HikariDataSource - HikariPool-1 - Starting...
2023-03-05 19:58:46.179 [Test worker] INFO  com.zaxxer.hikari.pool.HikariPool - HikariPool-1 - Added connection org.postgresql.jdbc.PgConnection@2181d6ab
2023-03-05 19:58:46.188 [Test worker] INFO  com.zaxxer.hikari.HikariDataSource - HikariPool-1 - Start completed.
2023-03-05 19:58:46.279 [Test worker] INFO  o.f.c.i.d.base.BaseDatabaseType - Database: jdbc:postgresql://localhost:56824/qyoga (PostgreSQL 14.2)
2023-03-05 19:58:46.492 [Test worker] INFO  o.f.core.internal.command.DbValidate - Successfully validated 2 migrations (execution time 00:00.116s)
2023-03-05 19:58:46.555 [Test worker] INFO  o.f.c.i.s.JdbcTableSchemaHistory - Creating Schema History table "public"."flyway_schema_history" ...
2023-03-05 19:58:46.731 [Test worker] INFO  o.f.core.internal.command.DbMigrate - Current version of schema "public": << Empty Schema >>
2023-03-05 19:58:46.764 [Test worker] INFO  o.f.core.internal.command.DbMigrate - Migrating schema "public" to version "22101801 - users"
2023-03-05 19:58:46.862 [Test worker] INFO  o.f.core.internal.command.DbMigrate - Migrating schema "public" to version "23012001 - questionnaires"
2023-03-05 19:58:46.904 [Test worker] INFO  o.f.core.internal.command.DbMigrate - Successfully applied 2 migrations to schema "public", now at version v23012001 (execution time 00:00.206s)
2023-03-05 19:58:50.038 [Test worker] INFO  n.f.q.c.c.q.i.QuestionnairesServiceTests - Started QuestionnairesServiceTests in 14.255 seconds (process running for 28.191)
Hi
]]></system-out>
  <system-err><![CDATA[[2023.03.05 19:58:35] (Coverage): Error during class instrumentation: org.springframework.boot.logging.log4j2.Log4J2LoggingSystem: java.lang.RuntimeException: java.io.IOException: Class org/apache/logging/log4j/core/config/composite/CompositeConfiguration not found
]]></system-err>
</testsuite>
